Creating cluster "aggexp-argo-app" ...
 • Ensuring node image (kindest/node:v1.32.0) 🖼  ...
 ✓ Ensuring node image (kindest/node:v1.32.0) 🖼
 • Preparing nodes 📦   ...
 ✓ Preparing nodes 📦 
 • Writing configuration 📜  ...
 ✓ Writing configuration 📜
 • Starting control-plane 🕹️  ...
 ✓ Starting control-plane 🕹️
 • Installing CNI 🔌  ...
 ✓ Installing CNI 🔌
 • Installing StorageClass 💾  ...
 ✓ Installing StorageClass 💾
Set kubectl context to "kind-aggexp-argo-app"
You can now use your cluster with:

kubectl cluster-info --context kind-aggexp-argo-app

Thanks for using kind! 😊
Switched to context "kind-aggexp-argo-app".
namespace/aggexp-system created
Image: "aggexp-widgets:dev" with ID "sha256:e1155dccd0804f3a3d4b9185a73cbbfcd9545a29b9f32ff645b58778e13d5b8a" not yet present on node "aggexp-argo-app-control-plane", loading...
secret/aggexp-serving-cert created
Warning: resource namespaces/aggexp-system is missing the kubectl.kubernetes.io/last-applied-configuration annotation which is required by kubectl apply. kubectl apply should only be used on resources created declaratively by either kubectl create --save-config or kubectl apply. The missing annotation will be patched automatically.
namespace/aggexp-system configured
serviceaccount/aggexp created
clusterrolebinding.rbac.authorization.k8s.io/aggexp:system:auth-delegator created
rolebinding.rbac.authorization.k8s.io/aggexp-auth-reader created
service/aggexp created
deployment.apps/aggexp created
apiservice.apiregistration.k8s.io/v1.aggexp.io created
--- APIService status ---
v1.aggexp.io                      aggexp-system/aggexp   False (EndpointsNotFound)   0s
secret/aggexp-serving-cert unchanged
clusterrole.rbac.authorization.k8s.io/aggexp-widgets-permissive created
clusterrolebinding.rbac.authorization.k8s.io/aggexp-widgets-permissive created
clusterrole.rbac.authorization.k8s.io/aggexp-widgetstorage-backend created
clusterrolebinding.rbac.authorization.k8s.io/aggexp-widgetstorage-backend created
customresourcedefinition.apiextensions.k8s.io/widgetstorages.aggexpstorage.aggexp.io created
deployment.apps/aggexp configured
--- APIService status ---
v1.aggexp.io                      aggexp-system/aggexp   False (MissingEndpoints)   1s
v1.aggexpstorage.aggexp.io        Local                  True                       0s
Waiting for deployment "aggexp" rollout to finish: 1 old replicas are pending termination...
Waiting for deployment "aggexp" rollout to finish: 1 old replicas are pending termination...
Waiting for deployment "aggexp" rollout to finish: 1 old replicas are pending termination...
deployment "aggexp" successfully rolled out
namespace/argocd created
customresourcedefinition.apiextensions.k8s.io/applications.argoproj.io serverside-applied
customresourcedefinition.apiextensions.k8s.io/applicationsets.argoproj.io serverside-applied
customresourcedefinition.apiextensions.k8s.io/appprojects.argoproj.io serverside-applied
serviceaccount/argocd-application-controller serverside-applied
serviceaccount/argocd-applicationset-controller serverside-applied
serviceaccount/argocd-dex-server serverside-applied
serviceaccount/argocd-notifications-controller serverside-applied
serviceaccount/argocd-redis serverside-applied
serviceaccount/argocd-repo-server serverside-applied
serviceaccount/argocd-server serverside-applied
role.rbac.authorization.k8s.io/argocd-application-controller serverside-applied
role.rbac.authorization.k8s.io/argocd-applicationset-controller serverside-applied
role.rbac.authorization.k8s.io/argocd-dex-server serverside-applied
role.rbac.authorization.k8s.io/argocd-notifications-controller serverside-applied
role.rbac.authorization.k8s.io/argocd-redis serverside-applied
role.rbac.authorization.k8s.io/argocd-server serverside-applied
clusterrole.rbac.authorization.k8s.io/argocd-application-controller serverside-applied
clusterrole.rbac.authorization.k8s.io/argocd-applicationset-controller serverside-applied
clusterrole.rbac.authorization.k8s.io/argocd-server serverside-applied
rolebinding.rbac.authorization.k8s.io/argocd-application-controller serverside-applied
rolebinding.rbac.authorization.k8s.io/argocd-applicationset-controller serverside-applied
rolebinding.rbac.authorization.k8s.io/argocd-dex-server serverside-applied
rolebinding.rbac.authorization.k8s.io/argocd-notifications-controller serverside-applied
rolebinding.rbac.authorization.k8s.io/argocd-redis serverside-applied
rolebinding.rbac.authorization.k8s.io/argocd-server serverside-applied
clusterrolebinding.rbac.authorization.k8s.io/argocd-application-controller serverside-applied
clusterrolebinding.rbac.authorization.k8s.io/argocd-applicationset-controller serverside-applied
clusterrolebinding.rbac.authorization.k8s.io/argocd-server serverside-applied
configmap/argocd-cm serverside-applied
configmap/argocd-cmd-params-cm serverside-applied
configmap/argocd-gpg-keys-cm serverside-applied
configmap/argocd-notifications-cm serverside-applied
configmap/argocd-rbac-cm serverside-applied
configmap/argocd-ssh-known-hosts-cm serverside-applied
configmap/argocd-tls-certs-cm serverside-applied
secret/argocd-notifications-secret serverside-applied
secret/argocd-secret serverside-applied
service/argocd-applicationset-controller serverside-applied
service/argocd-dex-server serverside-applied
service/argocd-metrics serverside-applied
service/argocd-notifications-controller-metrics serverside-applied
service/argocd-redis serverside-applied
service/argocd-repo-server serverside-applied
service/argocd-server serverside-applied
service/argocd-server-metrics serverside-applied
deployment.apps/argocd-applicationset-controller serverside-applied
deployment.apps/argocd-dex-server serverside-applied
deployment.apps/argocd-notifications-controller serverside-applied
deployment.apps/argocd-redis serverside-applied
deployment.apps/argocd-repo-server serverside-applied
deployment.apps/argocd-server serverside-applied
statefulset.apps/argocd-application-controller serverside-applied
networkpolicy.networking.k8s.io/argocd-application-controller-network-policy serverside-applied
networkpolicy.networking.k8s.io/argocd-applicationset-controller-network-policy serverside-applied
networkpolicy.networking.k8s.io/argocd-dex-server-network-policy serverside-applied
networkpolicy.networking.k8s.io/argocd-notifications-controller-network-policy serverside-applied
networkpolicy.networking.k8s.io/argocd-redis-network-policy serverside-applied
networkpolicy.networking.k8s.io/argocd-repo-server-network-policy serverside-applied
networkpolicy.networking.k8s.io/argocd-server-network-policy serverside-applied
Waiting for deployment spec update to be observed...
Waiting for deployment "argocd-server" rollout to finish: 0 of 1 updated replicas are available...
deployment "argocd-server" successfully rolled out
deployment "argocd-repo-server" successfully rolled out
partitioned roll out complete: 1 new pods have been updated...
clusterrole.rbac.authorization.k8s.io/argocd-widgetstorage-read created
clusterrolebinding.rbac.authorization.k8s.io/argocd-widgetstorage-read created
namespace/git-server created
configmap/git-content created
service/git-server created
deployment.apps/git-server created
Waiting for deployment "git-server" rollout to finish: 0 of 1 updated replicas are available...
error: timed out waiting for the condition
